<?xml version="1.0" encoding="UTF-8"?>
<testng-results ignored="0" total="1" passed="1" failed="0" skipped="0">
  <reporter-output>
  </reporter-output>
  <suite started-at="2023-08-01T13:35:50 IST" name="Default suite" finished-at="2023-08-01T13:36:11 IST" duration-ms="20901">
    <groups>
    </groups>
    <test started-at="2023-08-01T13:35:50 IST" name="Default test" finished-at="2023-08-01T13:36:11 IST" duration-ms="20901">
      <class name="AppiumAutomation.Practise.AppiumBasics">
        <test-method signature="AppiumTest()[pri:0, instance:AppiumAutomation.Practise.AppiumBasics@49e53c76]" started-at="2023-08-01T13:35:50 IST" name="AppiumTest" finished-at="2023-08-01T13:36:11 IST" duration-ms="20860" status="PASS">
          <reporter-output>
          </reporter-output>
        </test-method> <!-- AppiumTest -->
      </class> <!-- AppiumAutomation.Practise.AppiumBasics -->
    </test> <!-- Default test -->
  </suite> <!-- Default suite -->
</testng-results>
